  [1m[35m (2.0ms)[0m  [1m[34mSELECT sqlite_version(*)[0m
  [1m[35m (25.0ms)[0m  [1m[35mCREATE TABLE "schema_migrations" ("version" varchar NOT NULL PRIMARY KEY)[0m
  [1m[35m (8.1ms)[0m  [1m[35mCREATE TABLE "ar_internal_metadata" ("key" varchar NOT NULL PRIMARY KEY, "value" varchar, "created_at" datetime(6) NOT NULL, "updated_at" datetime(6) NOT NULL)[0m
  [1m[35m (0.3ms)[0m  [1m[34mSELECT "schema_migrations"."version" FROM "schema_migrations" ORDER BY "schema_migrations"."version" ASC[0m
Migrating to CreateUsers (20191111172921)
  [1m[35m (0.1ms)[0m  [1m[36mbegin transaction[0m
  [1m[35m (7.3ms)[0m  [1m[35mCREATE TABLE "users" ("id" integer PRIMARY KEY AUTOINCREMENT NOT NULL, "name" varchar, "email" varchar, "created_at" datetime(6) NOT NULL, "updated_at" datetime(6) NOT NULL)[0m
  [1m[36mprimary::SchemaMigration Create (0.8ms)[0m  [1m[32mINSERT INTO "schema_migrations" ("version") VALUES (?)[0m  [["version", "20191111172921"]]
  [1m[35m (7.9ms)[0m  [1m[36mcommit transaction[0m
  [1m[36mActiveRecord::InternalMetadata Load (0.3ms)[0m  [1m[34mSELECT "ar_internal_metadata".* FROM "ar_internal_metadata" WHERE "ar_internal_metadata"."key" = ? LIMIT ?[0m  [["key", "environment"], ["LIMIT", 1]]
  [1m[35m (0.2ms)[0m  [1m[36mbegin transaction[0m
  [1m[36mActiveRecord::InternalMetadata Create (1.0ms)[0m  [1m[32mINSERT INTO "ar_internal_metadata" ("key", "value", "created_at", "updated_at") VALUES (?, ?, ?, ?)[0m  [["key", "environment"], ["value", "development"], ["created_at", "2019-11-11 17:29:38.693926"], ["updated_at", "2019-11-11 17:29:38.693926"]]
  [1m[35m (9.9ms)[0m  [1m[36mcommit transaction[0m
  [1m[35m (0.1ms)[0m  [1m[34mSELECT sqlite_version(*)[0m
  [1m[35m (0.1ms)[0m  [1m[34mSELECT "schema_migrations"."version" FROM "schema_migrations" ORDER BY "schema_migrations"."version" ASC[0m
  [1m[35m (0.4ms)[0m  [1m[34mSELECT sqlite_version(*)[0m
  [1m[35m (0.2ms)[0m  [1m[34mSELECT "schema_migrations"."version" FROM "schema_migrations" ORDER BY "schema_migrations"."version" ASC[0m
Migrating to CreateMicroposts (20191111173551)
  [1m[35m (0.2ms)[0m  [1m[36mbegin transaction[0m
  [1m[35m (4.9ms)[0m  [1m[35mCREATE TABLE "microposts" ("id" integer PRIMARY KEY AUTOINCREMENT NOT NULL, "content" text, "user_id" integer, "created_at" datetime(6) NOT NULL, "updated_at" datetime(6) NOT NULL)[0m
  [1m[36mprimary::SchemaMigration Create (2.4ms)[0m  [1m[32mINSERT INTO "schema_migrations" ("version") VALUES (?)[0m  [["version", "20191111173551"]]
  [1m[35m (26.4ms)[0m  [1m[36mcommit transaction[0m
  [1m[36mActiveRecord::InternalMetadata Load (0.2ms)[0m  [1m[34mSELECT "ar_internal_metadata".* FROM "ar_internal_metadata" WHERE "ar_internal_metadata"."key" = ? LIMIT ?[0m  [["key", "environment"], ["LIMIT", 1]]
  [1m[35m (0.1ms)[0m  [1m[34mSELECT sqlite_version(*)[0m
  [1m[35m (0.6ms)[0m  [1m[34mSELECT "schema_migrations"."version" FROM "schema_migrations" ORDER BY "schema_migrations"."version" ASC[0m
  [1m[35m (1.0ms)[0m  [1m[34mSELECT sqlite_version(*)[0m
  [1m[36mUser Load (0.2ms)[0m  [1m[34mSELECT "users".* FROM "users" LIMIT ?[0m  [["LIMIT", 11]]
  [1m[36mUser Load (0.1ms)[0m  [1m[34mSELECT "users".* FROM "users" LIMIT ?[0m  [["LIMIT", 11]]
  [1m[35m (0.5ms)[0m  [1m[34mSELECT COUNT(*) FROM "users"[0m
  [1m[36mMicropost Load (0.2ms)[0m  [1m[34mSELECT "microposts".* FROM "microposts" LIMIT ?[0m  [["LIMIT", 11]]
Started GET "/microposts/new" for ::1 at 2019-11-11 18:50:30 +0100
  [1m[35m (0.4ms)[0m  [1m[34mSELECT sqlite_version(*)[0m
  [1m[35m (0.4ms)[0m  [1m[34mSELECT "schema_migrations"."version" FROM "schema_migrations" ORDER BY "schema_migrations"."version" ASC[0m
Processing by MicropostsController#new as HTML
  Rendering microposts/new.html.erb within layouts/application
  Rendered microposts/_form.html.erb (Duration: 81.8ms | Allocations: 5524)
  Rendered microposts/new.html.erb within layouts/application (Duration: 87.1ms | Allocations: 6001)
[Webpacker] Compiling…
[Webpacker] Compiled all packs in /home/biodun/Documents/abbey/rails/Rails-Toy-App/public/packs
Completed 200 OK in 6852ms (Views: 6797.4ms | ActiveRecord: 0.8ms | Allocations: 36936)


Started POST "/microposts" for ::1 at 2019-11-11 20:38:42 +0100
  [1m[35m (0.1ms)[0m  [1m[34mSELECT sqlite_version(*)[0m
Processing by MicropostsController#create as HTML
  Parameters: {"authenticity_token"=>"6qO3nVUERXYuRXCga4r+F5n03ewCqZdQuTBz2+XRNHZkrgVLOLfRHn2S14FryMzSAaEFFO9YlzfN4Vn94BywrA==", "micropost"=>{"content"=>"validates :content, length: { maximum: 140 }validates :content, length: { maximum: 140 }validates :content, length: { maximum: 140 }validates :content, length: { maximum: 140 }validates :content, length: { maximum: 140 }", "user_id"=>""}, "commit"=>"Create Micropost"}
  Rendering microposts/new.html.erb within layouts/application
  Rendered microposts/_form.html.erb (Duration: 1.6ms | Allocations: 1023)
  Rendered microposts/new.html.erb within layouts/application (Duration: 2.0ms | Allocations: 1111)
Completed 200 OK in 55ms (Views: 5.5ms | ActiveRecord: 0.0ms | Allocations: 9650)


Started POST "/microposts" for ::1 at 2019-11-11 20:39:32 +0100
Processing by MicropostsController#create as HTML
  Parameters: {"authenticity_token"=>"1Y670XsBzoa+lyL8O7pzGIKNj3mQcuWA6T/pIysr58dbgwkHFrJa7u1Ahd07+EHdGthXgX2D5eed7sMFLuZjHQ==", "micropost"=>{"content"=>":content, length: { maximum: 140 }", "user_id"=>""}, "commit"=>"Create Micropost"}
  Rendering microposts/new.html.erb within layouts/application
  Rendered microposts/_form.html.erb (Duration: 1.6ms | Allocations: 863)
  Rendered microposts/new.html.erb within layouts/application (Duration: 2.9ms | Allocations: 960)
Completed 200 OK in 17ms (Views: 12.8ms | ActiveRecord: 0.0ms | Allocations: 5331)


Started GET "/users" for ::1 at 2019-11-11 20:46:18 +0100
  [1m[35m (0.1ms)[0m  [1m[34mSELECT sqlite_version(*)[0m
Processing by UsersController#index as HTML
  Rendering users/index.html.erb within layouts/application
  [1m[36mUser Load (0.2ms)[0m  [1m[34mSELECT "users".* FROM "users"[0m
  ↳ app/views/users/index.html.erb:15
  Rendered users/index.html.erb within layouts/application (Duration: 3.0ms | Allocations: 1350)
Completed 200 OK in 20ms (Views: 15.8ms | ActiveRecord: 0.4ms | Allocations: 6374)


Started GET "/users/new" for ::1 at 2019-11-11 20:46:25 +0100
Processing by UsersController#new as HTML
  Rendering users/new.html.erb within layouts/application
  Rendered users/_form.html.erb (Duration: 2.1ms | Allocations: 1200)
  Rendered users/new.html.erb within layouts/application (Duration: 3.8ms | Allocations: 1541)
Completed 200 OK in 21ms (Views: 11.3ms | ActiveRecord: 0.3ms | Allocations: 8062)


Started POST "/users" for ::1 at 2019-11-11 20:46:27 +0100
Processing by UsersController#create as HTML
  Parameters: {"authenticity_token"=>"F9u5HqGi3YAI9WJ9fA+3llyV9fIoo2kCx+NcgVZFhlUQek/B8m5+ZskJwsKqyIrw0/+B709A+Ecm0jV+zqL/8g==", "user"=>{"name"=>"", "email"=>""}, "commit"=>"Create User"}
Completed 500 Internal Server Error in 17ms (ActiveRecord: 0.0ms | Allocations: 3183)


  
NoMethodError (undefined method `User' for #<User:0x00007f0b50020898>
Did you mean?  super):
  
app/controllers/users_controller.rb:30:in `block in create'
app/controllers/users_controller.rb:29:in `create'
Started GET "/" for ::1 at 2019-11-11 20:47:39 +0100
  [1m[35m (0.1ms)[0m  [1m[34mSELECT sqlite_version(*)[0m
Processing by ApplicationController#hello as HTML
  Rendering html template
  Rendered html template (Duration: 0.0ms | Allocations: 3)
Completed 200 OK in 1ms (Views: 0.7ms | ActiveRecord: 0.0ms | Allocations: 725)


Started GET "/users/1" for ::1 at 2019-11-11 20:47:59 +0100
Processing by UsersController#show as HTML
  Parameters: {"id"=>"1"}
  [1m[36mUser Load (0.2ms)[0m  [1m[34mSELECT "users".* FROM "users" WHERE "users"."id" = ? LIMIT ?[0m  [["id", 1], ["LIMIT", 1]]
  ↳ app/controllers/users_controller.rb:67:in `set_user'
Completed 404 Not Found in 18ms (ActiveRecord: 0.7ms | Allocations: 3141)


  
ActiveRecord::RecordNotFound (Couldn't find User with 'id'=1):
  
app/controllers/users_controller.rb:67:in `set_user'
Started GET "/users" for ::1 at 2019-11-11 20:48:05 +0100
Processing by UsersController#index as HTML
  Rendering users/index.html.erb within layouts/application
  [1m[36mUser Load (0.2ms)[0m  [1m[34mSELECT "users".* FROM "users"[0m
  ↳ app/views/users/index.html.erb:15
  Rendered users/index.html.erb within layouts/application (Duration: 1.3ms | Allocations: 645)
Completed 200 OK in 8ms (Views: 6.7ms | ActiveRecord: 0.2ms | Allocations: 4335)


Started GET "/users/new" for ::1 at 2019-11-11 20:48:08 +0100
Processing by UsersController#new as HTML
  Rendering users/new.html.erb within layouts/application
  Rendered users/_form.html.erb (Duration: 2.2ms | Allocations: 802)
  Rendered users/new.html.erb within layouts/application (Duration: 2.6ms | Allocations: 888)
Completed 200 OK in 16ms (Views: 8.9ms | ActiveRecord: 0.0ms | Allocations: 7084)


Started POST "/users" for ::1 at 2019-11-11 20:48:14 +0100
Processing by UsersController#create as HTML
  Parameters: {"authenticity_token"=>"cm5Yz1KiengJ8nIL6hpQxxyfzDImRouAO2reoZVFQ751z64QAW7ZnsgO0rQ83W2hk/W4L0GlGsXaW7deDaI6GQ==", "user"=>{"name"=>"abiodun", "email"=>"biodun9@gmail.com"}, "commit"=>"Create User"}
  [1m[35m (0.1ms)[0m  [1m[36mbegin transaction[0m
  ↳ app/controllers/users_controller.rb:30:in `block in create'
  [1m[36mUser Create (2.4ms)[0m  [1m[32mINSERT INTO "users" ("name", "email", "created_at", "updated_at") VALUES (?, ?, ?, ?)[0m  [["name", "abiodun"], ["email", "biodun9@gmail.com"], ["created_at", "2019-11-11 19:48:14.500646"], ["updated_at", "2019-11-11 19:48:14.500646"]]
  ↳ app/controllers/users_controller.rb:30:in `block in create'
  [1m[35m (11.3ms)[0m  [1m[36mcommit transaction[0m
  ↳ app/controllers/users_controller.rb:30:in `block in create'
Redirected to http://localhost:3000/users/1
Completed 302 Found in 42ms (ActiveRecord: 13.8ms | Allocations: 3929)


Started GET "/users/1" for ::1 at 2019-11-11 20:48:14 +0100
Processing by UsersController#show as HTML
  Parameters: {"id"=>"1"}
  [1m[36mUser Load (0.2ms)[0m  [1m[34mSELECT "users".* FROM "users" WHERE "users"."id" = ? LIMIT ?[0m  [["id", 1], ["LIMIT", 1]]
  ↳ app/controllers/users_controller.rb:67:in `set_user'
  Rendering users/show.html.erb within layouts/application
  Rendered users/show.html.erb within layouts/application (Duration: 3.7ms | Allocations: 282)
Completed 200 OK in 15ms (Views: 13.0ms | ActiveRecord: 0.2ms | Allocations: 4463)


Started GET "/users" for ::1 at 2019-11-11 20:48:18 +0100
Processing by UsersController#index as HTML
  Rendering users/index.html.erb within layouts/application
  [1m[36mUser Load (3.2ms)[0m  [1m[34mSELECT "users".* FROM "users"[0m
  ↳ app/views/users/index.html.erb:15
  Rendered users/index.html.erb within layouts/application (Duration: 5.1ms | Allocations: 746)
Completed 200 OK in 19ms (Views: 14.9ms | ActiveRecord: 3.2ms | Allocations: 4254)


Started GET "/users/new" for ::1 at 2019-11-11 20:48:19 +0100
Processing by UsersController#new as HTML
  Rendering users/new.html.erb within layouts/application
  Rendered users/_form.html.erb (Duration: 2.5ms | Allocations: 724)
  Rendered users/new.html.erb within layouts/application (Duration: 2.9ms | Allocations: 810)
Completed 200 OK in 12ms (Views: 11.0ms | ActiveRecord: 0.0ms | Allocations: 4326)


Started POST "/users" for ::1 at 2019-11-11 20:48:23 +0100
Processing by UsersController#create as HTML
  Parameters: {"authenticity_token"=>"d5veWoBtaVYieppPFyr1Gt7CsiyabsXNGoGXNRYoGsNwOiiF06HKsOOGOvDB7ch8UajGMf2NVIj7sP7Kjs9jZA==", "user"=>{"name"=>"seyi", "email"=>""}, "commit"=>"Create User"}
  [1m[35m (0.1ms)[0m  [1m[36mbegin transaction[0m
  ↳ app/controllers/users_controller.rb:30:in `block in create'
  [1m[36mUser Create (4.8ms)[0m  [1m[32mINSERT INTO "users" ("name", "email", "created_at", "updated_at") VALUES (?, ?, ?, ?)[0m  [["name", "seyi"], ["email", ""], ["created_at", "2019-11-11 19:48:23.720589"], ["updated_at", "2019-11-11 19:48:23.720589"]]
  ↳ app/controllers/users_controller.rb:30:in `block in create'
  [1m[35m (5.5ms)[0m  [1m[36mcommit transaction[0m
  ↳ app/controllers/users_controller.rb:30:in `block in create'
Redirected to http://localhost:3000/users/2
Completed 302 Found in 20ms (ActiveRecord: 10.4ms | Allocations: 3689)


Started GET "/users/2" for ::1 at 2019-11-11 20:48:23 +0100
Processing by UsersController#show as HTML
  Parameters: {"id"=>"2"}
  [1m[36mUser Load (0.1ms)[0m  [1m[34mSELECT "users".* FROM "users" WHERE "users"."id" = ? LIMIT ?[0m  [["id", 2], ["LIMIT", 1]]
  ↳ app/controllers/users_controller.rb:67:in `set_user'
  Rendering users/show.html.erb within layouts/application
  Rendered users/show.html.erb within layouts/application (Duration: 0.2ms | Allocations: 96)
Completed 200 OK in 7ms (Views: 5.3ms | ActiveRecord: 0.1ms | Allocations: 4121)


Started GET "/users/2" for ::1 at 2019-11-11 20:51:22 +0100
  [1m[35m (0.1ms)[0m  [1m[34mSELECT sqlite_version(*)[0m
Processing by UsersController#show as HTML
  Parameters: {"id"=>"2"}
  [1m[36mUser Load (0.1ms)[0m  [1m[34mSELECT "users".* FROM "users" WHERE "users"."id" = ? LIMIT ?[0m  [["id", 2], ["LIMIT", 1]]
  ↳ app/controllers/users_controller.rb:67:in `set_user'
  Rendering users/show.html.erb within layouts/application
  Rendered users/show.html.erb within layouts/application (Duration: 0.4ms | Allocations: 105)
Completed 200 OK in 15ms (Views: 5.2ms | ActiveRecord: 0.6ms | Allocations: 8577)


Started GET "/users" for ::1 at 2019-11-11 20:51:23 +0100
Processing by UsersController#index as HTML
  Rendering users/index.html.erb within layouts/application
  [1m[36mUser Load (0.2ms)[0m  [1m[34mSELECT "users".* FROM "users"[0m
  ↳ app/views/users/index.html.erb:15
  Rendered users/index.html.erb within layouts/application (Duration: 2.4ms | Allocations: 938)
Completed 200 OK in 11ms (Views: 9.0ms | ActiveRecord: 0.2ms | Allocations: 4441)


Started GET "/users/new" for ::1 at 2019-11-11 20:51:25 +0100
Processing by UsersController#new as HTML
  Rendering users/new.html.erb within layouts/application
  Rendered users/_form.html.erb (Duration: 2.9ms | Allocations: 726)
  Rendered users/new.html.erb within layouts/application (Duration: 3.9ms | Allocations: 812)
Completed 200 OK in 13ms (Views: 11.6ms | ActiveRecord: 0.0ms | Allocations: 4326)


Started POST "/users" for ::1 at 2019-11-11 20:51:27 +0100
Processing by UsersController#create as HTML
  Parameters: {"authenticity_token"=>"dOIt/npo20fLV6tug4ZAK+oYTdtnHT5eKZkoe26iYnRzQ9shKaR4oQqrC9FVQX1NZXI5xgD+rxvIqEGE9kUb0w==", "user"=>{"name"=>"", "email"=>""}, "commit"=>"Create User"}
  Rendering users/new.html.erb within layouts/application
  Rendered users/_form.html.erb (Duration: 1.8ms | Allocations: 872)
  Rendered users/new.html.erb within layouts/application (Duration: 2.1ms | Allocations: 958)
Completed 200 OK in 12ms (Views: 7.6ms | ActiveRecord: 0.0ms | Allocations: 5426)


Started GET "/users" for ::1 at 2019-11-11 20:54:35 +0100
  [1m[35m (0.1ms)[0m  [1m[34mSELECT sqlite_version(*)[0m
Processing by UsersController#index as HTML
  Rendering users/index.html.erb within layouts/application
  [1m[36mUser Load (0.2ms)[0m  [1m[34mSELECT "users".* FROM "users"[0m
  ↳ app/views/users/index.html.erb:15
  Rendered users/index.html.erb within layouts/application (Duration: 7.1ms | Allocations: 4459)
Completed 200 OK in 15ms (Views: 11.9ms | ActiveRecord: 0.8ms | Allocations: 9894)


Started GET "/users/new" for ::1 at 2019-11-11 20:54:38 +0100
Processing by UsersController#new as HTML
  Rendering users/new.html.erb within layouts/application
  Rendered users/_form.html.erb (Duration: 1.8ms | Allocations: 1055)
  Rendered users/new.html.erb within layouts/application (Duration: 2.5ms | Allocations: 1398)
Completed 200 OK in 7ms (Views: 5.7ms | ActiveRecord: 0.0ms | Allocations: 5053)


Started POST "/users" for ::1 at 2019-11-11 20:54:45 +0100
Processing by UsersController#create as HTML
  Parameters: {"authenticity_token"=>"hgCK4184xnHGLmY+ZT169KaOy3QB5YRHps+Rg3bHuOqBoXw8DPRllwfSxoGz+keSKeS/aWYGFQJH/vh87iDBTQ==", "user"=>{"name"=>"se", "email"=>""}, "commit"=>"Create User"}
  Rendering users/new.html.erb within layouts/application
  Rendered users/_form.html.erb (Duration: 4.6ms | Allocations: 872)
  Rendered users/new.html.erb within layouts/application (Duration: 7.6ms | Allocations: 958)
Completed 200 OK in 19ms (Views: 16.2ms | ActiveRecord: 0.0ms | Allocations: 5424)


Started POST "/users" for ::1 at 2019-11-11 20:54:54 +0100
Processing by UsersController#create as HTML
  Parameters: {"authenticity_token"=>"c1UkRA/08UFhshr99gUnPR81KdRT/1B0j/a1RGwXR9v9WJaSYkdlKTJlvdz2RxX4h2DxLL4OUBP7J59iadrDAQ==", "user"=>{"name"=>"", "email"=>"biodun9@gmail.com"}, "commit"=>"Create User"}
  Rendering users/new.html.erb within layouts/application
  Rendered users/_form.html.erb (Duration: 1.7ms | Allocations: 871)
  Rendered users/new.html.erb within layouts/application (Duration: 3.4ms | Allocations: 957)
Completed 200 OK in 14ms (Views: 11.2ms | ActiveRecord: 0.0ms | Allocations: 5333)


Started GET "/users" for ::1 at 2019-11-11 20:57:48 +0100
  [1m[35m (0.1ms)[0m  [1m[34mSELECT sqlite_version(*)[0m
Processing by UsersController#index as HTML
  Rendering users/index.html.erb within layouts/application
  [1m[36mUser Load (0.2ms)[0m  [1m[34mSELECT "users".* FROM "users"[0m
  ↳ app/views/users/index.html.erb:15
  Rendered users/index.html.erb within layouts/application (Duration: 11.1ms | Allocations: 4165)
Completed 200 OK in 25ms (Views: 18.5ms | ActiveRecord: 1.0ms | Allocations: 8821)


Started GET "/users/new" for ::1 at 2019-11-11 20:57:50 +0100
Processing by UsersController#new as HTML
  Rendering users/new.html.erb within layouts/application
  Rendered users/_form.html.erb (Duration: 2.5ms | Allocations: 727)
  Rendered users/new.html.erb within layouts/application (Duration: 3.3ms | Allocations: 813)
Completed 200 OK in 14ms (Views: 11.9ms | ActiveRecord: 0.0ms | Allocations: 4330)


Started POST "/users" for ::1 at 2019-11-11 20:57:57 +0100
Processing by UsersController#create as HTML
  Parameters: {"authenticity_token"=>"xp4Pnhbwv869rIxgPqUJr/dTg7P3MOK1Ol2S+WfzrzLBP/lBRTwcKHxQLN/oYjTJeDn3rpDTc/DbbPsG/xTWlQ==", "user"=>{"name"=>"BEE", "email"=>"C"}, "commit"=>"Create User"}
  Rendering users/new.html.erb within layouts/application
  Rendered users/_form.html.erb (Duration: 1.5ms | Allocations: 874)
  Rendered users/new.html.erb within layouts/application (Duration: 6.4ms | Allocations: 960)
Completed 200 OK in 18ms (Views: 16.6ms | ActiveRecord: 0.0ms | Allocations: 5448)


